Arguments: 
  D:\Programs\nodejs\node.exe D:\Programs\Yarn\bin\yarn.js add @enitoni/gears-ws

PATH: 
  C:\Program Files (x86)\Common Files\Oracle\Java\javapath;C:\ProgramData\Oracle\Java\javapath;C:\Windows\system32;C:\Windows;C:\Windows\System32\Wbem;C:\Windows\System32\WindowsPowerShell\v1.0\;C:\Program Files (x86)\NVIDIA Corporation\PhysX\Common;C:\Program Files\PuTTY\;D:\Programs\Redis\;C:\Program Files (x86)\Windows Kits\8.1\Windows Performance Toolkit\;C:\WINDOWS\system32;C:\WINDOWS;C:\WINDOWS\System32\Wbem;C:\WINDOWS\System32\WindowsPowerShell\v1.0\;C:\WINDOWS\System32\OpenSSH\;D:\Programs\Yarn\bin\;C:\Program Files\NVIDIA Corporation\NVIDIA NvDLISR;C:\WINDOWS\system32;C:\WINDOWS;C:\WINDOWS\System32\Wbem;C:\WINDOWS\System32\WindowsPowerShell\v1.0\;C:\WINDOWS\System32\OpenSSH\;D:\Programs\Git\cmd;D:\Programs\flac-1.3.2-win\win32;D:\Programs\nodejs\;D:\Programs\WorldPainter;%USERPROFILE%\AppData\Local\Microsoft\WindowsApps;D:\Programs\Microsoft VS Code\bin;D:\Programs\ffmpeg\bin;%USERPROFILE%\.windows-build-tools\python27;%USERPROFILE%\AppData\Local\Android\sdk\platform-tools;D:\Programs\heroku\bin;C:\Users\Seb\AppData\Local\Yarn\bin;C:\Users\Seb\AppData\Roaming\npm;D:\Programs\Microsoft VS Code\Microsoft VS Code\bin;D:\Programs\vips-dev-8.8\bin;;C:\Users\Seb\AppData\Local\hyper\app-3.0.2\resources\bin

Yarn version: 
  1.12.3

Node version: 
  12.4.0

Platform: 
  win32 x64

Trace: 
  Error: https://registry.npmjs.org/@enitoni%2fgears-ws: Not found
      at Request.params.callback [as _callback] (D:\Programs\Yarn\lib\cli.js:65003:18)
      at Request.self.callback (D:\Programs\Yarn\lib\cli.js:129018:22)
      at Request.emit (events.js:200:13)
      at Request.<anonymous> (D:\Programs\Yarn\lib\cli.js:129990:10)
      at Request.emit (events.js:200:13)
      at IncomingMessage.<anonymous> (D:\Programs\Yarn\lib\cli.js:129912:12)
      at Object.onceWrapper (events.js:288:20)
      at IncomingMessage.emit (events.js:205:15)
      at endReadableNT (_stream_readable.js:1154:12)
      at processTicksAndRejections (internal/process/task_queues.js:84:9)

npm manifest: 
  {
    "name": "@enitoni/gears-ws",
    "description": "ws bindings for Gears",
    "version": "1.0.0",
    "repository": "https://github.com/Enitoni/gears-ws.git",
    "author": "Enitoni <enitoni@gmail.com>",
    "license": "MIT",
    "peerDependencies": {
      "@enitoni/gears": "^3.0.1",
      "ws": "^7.2.0"
    },
    "devDependencies": {
      "@team-griffin/install-self-peers": "^1.1.1",
      "@types/node": "^10.12.10",
      "@types/ws": "^6.0.3",
      "generate-export-aliases": "^1.1.0",
      "typescript": "^3.1.6"
    },
    "files": [
      "build/*",
      "README.md"
    ],
    "scripts": {
      "prepare": "install-self-peers -- --ignore-scripts",
      "build": "tsc"
    },
    "publishConfig": {
      "access": "public"
    }
  }

yarn manifest: 
  No manifest

Lockfile: 
  # THIS IS AN AUTOGENERATED FILE. DO NOT EDIT THIS FILE DIRECTLY.
  # yarn lockfile v1
  
  
  "@enitoni/gears@^3.0.1":
    version "3.0.4"
    resolved "https://registry.npmjs.org/@enitoni/gears/-/gears-3.0.4.tgz#ac42fa7628f78623e70d681c5debfd5145cda8f2"
    integrity sha512-5d4wOpbrFRs8Jlh3VRkiAmwvjw0XIToAczi5ifZN6XeiAfcNnpNPYQ5EJZLQL6wP46b6Ul0QvUfolAHigecfoQ==
  
  "@team-griffin/install-self-peers@^1.1.1":
    version "1.1.1"
    resolved "https://registry.npmjs.org/@team-griffin/install-self-peers/-/install-self-peers-1.1.1.tgz#de0fd354be3f44dfd84dd79bc011d8a3af38e354"
    integrity sha1-3g/TVL4/RN/YTdebwBHYo68441Q=
    dependencies:
      cross-spawn "^5.1.0"
      minimist "^1.2.0"
      ramda "^0.23.0"
  
  "@types/node@*":
    version "12.11.7"
    resolved "https://registry.npmjs.org/@types/node/-/node-12.11.7.tgz#57682a9771a3f7b09c2497f28129a0462966524a"
    integrity sha512-JNbGaHFCLwgHn/iCckiGSOZ1XYHsKFwREtzPwSGCVld1SGhOlmZw2D4ZI94HQCrBHbADzW9m4LER/8olJTRGHA==
  
  "@types/node@^10.12.10":
    version "10.17.0"
    resolved "https://registry.npmjs.org/@types/node/-/node-10.17.0.tgz#537c61a1df699a8331c79dab2ccc2c8799873c66"
    integrity sha512-wuJwN2KV4tIRz1bu9vq5kSPasJ8IsEjZaP1ZR7KlmdUZvGF/rXy8DmXOVwUD0kAtvtJ7aqMKPqUXC0NUTDbrDg==
  
  "@types/ws@^6.0.3":
    version "6.0.3"
    resolved "https://registry.npmjs.org/@types/ws/-/ws-6.0.3.tgz#b772375ba59d79066561c8d87500144d674ba6b3"
    integrity sha512-yBTM0P05Tx9iXGq00BbJPo37ox68R5vaGTXivs6RGh/BQ6QP5zqZDGWdAO6JbRE/iR1l80xeGAwCQS2nMV9S/w==
    dependencies:
      "@types/node" "*"
  
  async-limiter@^1.0.0:
    version "1.0.1"
    resolved "https://registry.npmjs.org/async-limiter/-/async-limiter-1.0.1.tgz#dd379e94f0db8310b08291f9d64c3209766617fd"
    integrity sha512-csOlWGAcRFJaI6m+F2WKdnMKr4HhdhFVBk0H/QbJFMCr+uO2kwohwXQPxw/9OCxp05r5ghVBFSyioixx3gfkNQ==
  
  bluebird@^3.4.4:
    version "3.7.1"
    resolved "https://registry.npmjs.org/bluebird/-/bluebird-3.7.1.tgz#df70e302b471d7473489acf26a93d63b53f874de"
    integrity sha512-DdmyoGCleJnkbp3nkbxTLJ18rjDsE4yCggEwKNXkeV123sPNfOCYeDoeuOY+F2FrSjO1YXcTU+dsy96KMy+gcg==
  
  cross-spawn@^5.1.0:
    version "5.1.0"
    resolved "https://registry.npmjs.org/cross-spawn/-/cross-spawn-5.1.0.tgz#e8bd0efee58fcff6f8f94510a0a554bbfa235449"
    integrity sha1-6L0O/uWPz/b4+UUQoKVUu/ojVEk=
    dependencies:
      lru-cache "^4.0.1"
      shebang-command "^1.2.0"
      which "^1.2.9"
  
  generate-export-aliases@^1.1.0:
    version "1.1.0"
    resolved "https://registry.npmjs.org/generate-export-aliases/-/generate-export-aliases-1.1.0.tgz#fc19ba34c92b240767239989ebf28ab8988b6ad8"
    integrity sha512-cMQP1XKgEXbPJNilAQ35ivH53QYqWsC5vJGxTSIruz70iv3bfCKeIXcmo4gQs9zVS2nMnsPKIrrO+vxBvYhhAw==
    dependencies:
      bluebird "^3.4.4"
      lodash "^4.15.0"
  
  isexe@^2.0.0:
    version "2.0.0"
    resolved "https://registry.npmjs.org/isexe/-/isexe-2.0.0.tgz#e8fbf374dc556ff8947a10dcb0572d633f2cfa10"
    integrity sha1-6PvzdNxVb/iUehDcsFctYz8s+hA=
  
  lodash@^4.15.0:
    version "4.17.15"
    resolved "https://registry.npmjs.org/lodash/-/lodash-4.17.15.tgz#b447f6670a0455bbfeedd11392eff330ea097548"
    integrity sha512-8xOcRHvCjnocdS5cpwXQXVzmmh5e5+saE2QGoeQmbKmRS6J3VQppPOIt0MnmE+4xlZoumy0GPG0D0MVIQbNA1A==
  
  lru-cache@^4.0.1:
    version "4.1.5"
    resolved "https://registry.npmjs.org/lru-cache/-/lru-cache-4.1.5.tgz#8bbe50ea85bed59bc9e33dcab8235ee9bcf443cd"
    integrity sha512-sWZlbEP2OsHNkXrMl5GYk/jKk70MBng6UU4YI/qGDYbgf6YbP4EvmqISbXCoJiRKs+1bSpFHVgQxvJ17F2li5g==
    dependencies:
      pseudomap "^1.0.2"
      yallist "^2.1.2"
  
  minimist@^1.2.0:
    version "1.2.0"
    resolved "https://registry.npmjs.org/minimist/-/minimist-1.2.0.tgz#a35008b20f41383eec1fb914f4cd5df79a264284"
    integrity sha1-o1AIsg9BOD7sH7kU9M1d95omQoQ=
  
  pseudomap@^1.0.2:
    version "1.0.2"
    resolved "https://registry.npmjs.org/pseudomap/-/pseudomap-1.0.2.tgz#f052a28da70e618917ef0a8ac34c1ae5a68286b3"
    integrity sha1-8FKijacOYYkX7wqKw0wa5aaChrM=
  
  ramda@^0.23.0:
    version "0.23.0"
    resolved "https://registry.npmjs.org/ramda/-/ramda-0.23.0.tgz#ccd13fff73497a93974e3e86327bfd87bd6e8e2b"
    integrity sha1-zNE//3NJepOXTj6GMnv9h71ujis=
  
  shebang-command@^1.2.0:
    version "1.2.0"
    resolved "https://registry.npmjs.org/shebang-command/-/shebang-command-1.2.0.tgz#44aac65b695b03398968c39f363fee5deafdf1ea"
    integrity sha1-RKrGW2lbAzmJaMOfNj/uXer98eo=
    dependencies:
      shebang-regex "^1.0.0"
  
  shebang-regex@^1.0.0:
    version "1.0.0"
    resolved "https://registry.npmjs.org/shebang-regex/-/shebang-regex-1.0.0.tgz#da42f49740c0b42db2ca9728571cb190c98efea3"
    integrity sha1-2kL0l0DAtC2yypcoVxyxkMmO/qM=
  
  typescript@^3.1.6:
    version "3.6.4"
    resolved "https://registry.npmjs.org/typescript/-/typescript-3.6.4.tgz#b18752bb3792bc1a0281335f7f6ebf1bbfc5b91d"
    integrity sha512-unoCll1+l+YK4i4F8f22TaNVPRHcD9PA3yCuZ8g5e0qGqlVlJ/8FSateOLLSagn+Yg5+ZwuPkL8LFUc0Jcvksg==
  
  which@^1.2.9:
    version "1.3.1"
    resolved "https://registry.npmjs.org/which/-/which-1.3.1.tgz#a45043d54f5805316da8d62f9f50918d3da70b0a"
    integrity sha512-HxJdYWq1MTIQbJ3nw0cqssHoTNU267KlrDuGZ1WYlxDStUtKUhOaJmh112/TZmHxxUfuJqPXSOm7tDyas0OSIQ==
    dependencies:
      isexe "^2.0.0"
  
  ws@^7.2.0:
    version "7.2.0"
    resolved "https://registry.npmjs.org/ws/-/ws-7.2.0.tgz#422eda8c02a4b5dba7744ba66eebbd84bcef0ec7"
    integrity sha512-+SqNqFbwTm/0DC18KYzIsMTnEWpLwJsiasW/O17la4iDRRIO9uaHbvKiAS3AHgTiuuWerK/brj4O6MYZkei9xg==
    dependencies:
      async-limiter "^1.0.0"
  
  yallist@^2.1.2:
    version "2.1.2"
    resolved "https://registry.npmjs.org/yallist/-/yallist-2.1.2.tgz#1c11f9218f076089a47dd512f93c6699a6a81d52"
    integrity sha1-HBH5IY8HYImkfdUS+TxmmaaoHVI=
